2008-05-01 23:57:21,736 - Log4JLogChute initialized using file 'velocity.log'
2008-05-01 23:57:21,736 - Starting Apache Velocity v1.5 (compiled: 2007-02-22 08:52:29)
2008-05-01 23:57:21,736 - Default Properties File: org\apache\velocity\runtime\defaults\velocity.properties
2008-05-01 23:57:21,736 - Trying to use logger class org.apache.velocity.runtime.log.AvalonLogChute
2008-05-01 23:57:21,736 - Couldn't find class org.apache.velocity.runtime.log.AvalonLogChute or necessary supporting classes in classpath.
java.lang.NoClassDefFoundError: org/apache/log/format/Formatter
	at java.lang.Class.forName0(Native Method)
	at java.lang.Class.forName(Unknown Source)
	at org.apache.velocity.util.ClassUtils.getClass(ClassUtils.java:63)
	at org.apache.velocity.util.ClassUtils.getNewInstance(ClassUtils.java:95)
	at org.apache.velocity.runtime.log.LogManager.createLogChute(LogManager.java:147)
	at org.apache.velocity.runtime.log.LogManager.updateLog(LogManager.java:208)
	at org.apache.velocity.runtime.RuntimeInstance.initializeLog(RuntimeInstance.java:728)
	at org.apache.velocity.runtime.RuntimeInstance.init(RuntimeInstance.java:240)
	at org.apache.velocity.app.VelocityEngine.init(VelocityEngine.java:116)
	at org.exigencecorp.domainobjects.codegen.Codegen.finallyDoTemplates(Codegen.java:227)
	at org.exigencecorp.domainobjects.codegen.Codegen.generate(Codegen.java:57)
	at features.cli.CodegenCli.run(CodegenCli.java:13)
	at Cli.main(Cli.java:17)
2008-05-01 23:57:21,736 - Trying to use logger class org.apache.velocity.runtime.log.Log4JLogChute
2008-05-01 23:57:21,736 - Using logger class org.apache.velocity.runtime.log.Log4JLogChute
2008-05-01 23:57:21,736 - Default ResourceManager initializing. (class org.apache.velocity.runtime.resource.ResourceManagerImpl)
2008-05-01 23:57:21,736 - ResourceLoader instantiated: org.apache.velocity.runtime.resource.loader.ClasspathResourceLoader
2008-05-01 23:57:21,736 - ResourceLoader instantiated: org.apache.velocity.runtime.resource.loader.FileResourceLoader
2008-05-01 23:57:21,736 - Do unicode file recognition:  false
2008-05-01 23:57:21,736 - FileResourceLoader : adding path './src/codegen'
2008-05-01 23:57:21,814 - ResourceCache: initialized (class org.apache.velocity.runtime.resource.ResourceCacheImpl)
2008-05-01 23:57:21,814 - Loaded System Directive: org.apache.velocity.runtime.directive.Literal
2008-05-01 23:57:21,814 - Loaded System Directive: org.apache.velocity.runtime.directive.Macro
2008-05-01 23:57:21,814 - Loaded System Directive: org.apache.velocity.runtime.directive.Parse
2008-05-01 23:57:21,829 - Loaded System Directive: org.apache.velocity.runtime.directive.Include
2008-05-01 23:57:21,829 - Loaded System Directive: org.apache.velocity.runtime.directive.Foreach
2008-05-01 23:57:21,861 - Created '20' parsers.
2008-05-01 23:57:21,876 - Velocimacro : "velocimacro.library" is not set.  Trying default library: VM_global_library.vm
2008-05-01 23:57:21,876 - Velocimacro : Default library not found.
2008-05-01 23:57:21,876 - Velocimacro : allowInline = true : VMs can be defined inline in templates
2008-05-01 23:57:21,876 - Velocimacro : allowInlineToOverride = false : VMs defined inline may NOT replace previous VM definitions
2008-05-01 23:57:21,876 - Velocimacro : allowInlineLocal = false : VMs defined inline will be global in scope if allowed.
2008-05-01 23:57:21,876 - Velocimacro : autoload off : VM system will not automatically reload global library macros
2008-05-01 23:57:21,907 - ResourceManager : found /org/exigencecorp/domainobjects/codegen/templates/domain.vm with loader org.apache.velocity.runtime.resource.loader.ClasspathResourceLoader
2008-05-01 23:57:21,954 - ResourceManager : found /org/exigencecorp/domainobjects/codegen/templates/domainCodegen.vm with loader org.apache.velocity.runtime.resource.loader.ClasspathResourceLoader
2008-05-01 23:57:21,954 - ResourceManager : found /org/exigencecorp/domainobjects/codegen/templates/mapper.vm with loader org.apache.velocity.runtime.resource.loader.ClasspathResourceLoader
2008-05-01 23:57:21,985 - ResourceManager : found /org/exigencecorp/domainobjects/codegen/templates/mapperCodegen.vm with loader org.apache.velocity.runtime.resource.loader.ClasspathResourceLoader
2008-05-01 23:57:21,985 - ResourceManager : found /org/exigencecorp/domainobjects/codegen/templates/hbm.vm with loader org.apache.velocity.runtime.resource.loader.ClasspathResourceLoader
2008-05-01 23:57:21,985 - ResourceManager : found /org/exigencecorp/domainobjects/codegen/templates/cfg.vm with loader org.apache.velocity.runtime.resource.loader.ClasspathResourceLoader
2008-05-01 23:57:21,985 - ResourceManager : found /org/exigencecorp/domainobjects/codegen/templates/enum.vm with loader org.apache.velocity.runtime.resource.loader.ClasspathResourceLoader
2008-05-01 23:57:22,001 - ResourceManager : found /org/exigencecorp/domainobjects/codegen/templates/enumFragment.vm with loader org.apache.velocity.runtime.resource.loader.ClasspathResourceLoader
2008-05-24 14:29:12,880 - Log4JLogChute initialized using file 'velocity.log'
2008-05-24 14:29:12,895 - Starting Apache Velocity v1.5 (compiled: 2007-02-22 08:52:29)
2008-05-24 14:29:12,895 - Default Properties File: org\apache\velocity\runtime\defaults\velocity.properties
2008-05-24 14:29:12,895 - Trying to use logger class org.apache.velocity.runtime.log.AvalonLogChute
2008-05-24 14:29:12,896 - Couldn't find class org.apache.velocity.runtime.log.AvalonLogChute or necessary supporting classes in classpath.
java.lang.NoClassDefFoundError: org/apache/log/format/Formatter
	at java.lang.Class.forName0(Native Method)
	at java.lang.Class.forName(Unknown Source)
	at org.apache.velocity.util.ClassUtils.getClass(ClassUtils.java:63)
	at org.apache.velocity.util.ClassUtils.getNewInstance(ClassUtils.java:95)
	at org.apache.velocity.runtime.log.LogManager.createLogChute(LogManager.java:147)
	at org.apache.velocity.runtime.log.LogManager.updateLog(LogManager.java:208)
	at org.apache.velocity.runtime.RuntimeInstance.initializeLog(RuntimeInstance.java:728)
	at org.apache.velocity.runtime.RuntimeInstance.init(RuntimeInstance.java:240)
	at org.apache.velocity.app.VelocityEngine.init(VelocityEngine.java:116)
	at org.exigencecorp.domainobjects.codegen.Codegen.finallyDoTemplates(Codegen.java:227)
	at org.exigencecorp.domainobjects.codegen.Codegen.generate(Codegen.java:57)
	at features.cli.CodegenCli.run(CodegenCli.java:13)
	at Cli.main(Cli.java:17)
2008-05-24 14:29:12,896 - Trying to use logger class org.apache.velocity.runtime.log.Log4JLogChute
2008-05-24 14:29:12,896 - Using logger class org.apache.velocity.runtime.log.Log4JLogChute
2008-05-24 14:29:12,898 - Default ResourceManager initializing. (class org.apache.velocity.runtime.resource.ResourceManagerImpl)
2008-05-24 14:29:12,901 - ResourceLoader instantiated: org.apache.velocity.runtime.resource.loader.ClasspathResourceLoader
2008-05-24 14:29:12,906 - ResourceLoader instantiated: org.apache.velocity.runtime.resource.loader.FileResourceLoader
2008-05-24 14:29:12,906 - Do unicode file recognition:  false
2008-05-24 14:29:12,906 - FileResourceLoader : adding path './src/codegen'
2008-05-24 14:29:12,927 - ResourceCache: initialized (class org.apache.velocity.runtime.resource.ResourceCacheImpl)
2008-05-24 14:29:12,928 - Loaded System Directive: org.apache.velocity.runtime.directive.Literal
2008-05-24 14:29:12,929 - Loaded System Directive: org.apache.velocity.runtime.directive.Macro
2008-05-24 14:29:12,931 - Loaded System Directive: org.apache.velocity.runtime.directive.Parse
2008-05-24 14:29:12,932 - Loaded System Directive: org.apache.velocity.runtime.directive.Include
2008-05-24 14:29:12,933 - Loaded System Directive: org.apache.velocity.runtime.directive.Foreach
2008-05-24 14:29:12,965 - Created '20' parsers.
2008-05-24 14:29:12,972 - Velocimacro : "velocimacro.library" is not set.  Trying default library: VM_global_library.vm
2008-05-24 14:29:12,973 - Velocimacro : Default library not found.
2008-05-24 14:29:12,973 - Velocimacro : allowInline = true : VMs can be defined inline in templates
2008-05-24 14:29:12,973 - Velocimacro : allowInlineToOverride = false : VMs defined inline may NOT replace previous VM definitions
2008-05-24 14:29:12,973 - Velocimacro : allowInlineLocal = false : VMs defined inline will be global in scope if allowed.
2008-05-24 14:29:12,973 - Velocimacro : autoload off : VM system will not automatically reload global library macros
2008-05-24 14:29:13,033 - ResourceManager : found /org/exigencecorp/domainobjects/codegen/templates/domain.vm with loader org.apache.velocity.runtime.resource.loader.ClasspathResourceLoader
2008-05-24 14:29:13,071 - ResourceManager : found /org/exigencecorp/domainobjects/codegen/templates/domainCodegen.vm with loader org.apache.velocity.runtime.resource.loader.ClasspathResourceLoader
2008-05-24 14:29:13,072 - ResourceManager : found /org/exigencecorp/domainobjects/codegen/templates/mapper.vm with loader org.apache.velocity.runtime.resource.loader.ClasspathResourceLoader
2008-05-24 14:29:13,085 - ResourceManager : found /org/exigencecorp/domainobjects/codegen/templates/mapperCodegen.vm with loader org.apache.velocity.runtime.resource.loader.ClasspathResourceLoader
2008-05-24 14:29:13,102 - ResourceManager : found /org/exigencecorp/domainobjects/codegen/templates/hbm.vm with loader org.apache.velocity.runtime.resource.loader.ClasspathResourceLoader
2008-05-24 14:29:13,103 - ResourceManager : found /org/exigencecorp/domainobjects/codegen/templates/cfg.vm with loader org.apache.velocity.runtime.resource.loader.ClasspathResourceLoader
2008-05-24 14:29:13,130 - ResourceManager : found /org/exigencecorp/domainobjects/codegen/templates/enum.vm with loader org.apache.velocity.runtime.resource.loader.ClasspathResourceLoader
2008-05-24 14:29:13,130 - ResourceManager : found /org/exigencecorp/domainobjects/codegen/templates/enumFragment.vm with loader org.apache.velocity.runtime.resource.loader.ClasspathResourceLoader
2008-08-31 20:49:43,515 - Log4JLogChute initialized using file 'velocity.log'
2008-08-31 20:49:43,524 - Starting Apache Velocity v1.5 (compiled: 2007-02-22 08:52:29)
2008-08-31 20:49:43,524 - Default Properties File: org\apache\velocity\runtime\defaults\velocity.properties
2008-08-31 20:49:43,524 - Trying to use logger class org.apache.velocity.runtime.log.AvalonLogChute
2008-08-31 20:49:43,525 - Couldn't find class org.apache.velocity.runtime.log.AvalonLogChute or necessary supporting classes in classpath.
java.lang.NoClassDefFoundError: org/apache/log/format/Formatter
	at java.lang.Class.forName0(Native Method)
	at java.lang.Class.forName(Unknown Source)
	at org.apache.velocity.util.ClassUtils.getClass(ClassUtils.java:63)
	at org.apache.velocity.util.ClassUtils.getNewInstance(ClassUtils.java:95)
	at org.apache.velocity.runtime.log.LogManager.createLogChute(LogManager.java:147)
	at org.apache.velocity.runtime.log.LogManager.updateLog(LogManager.java:208)
	at org.apache.velocity.runtime.RuntimeInstance.initializeLog(RuntimeInstance.java:728)
	at org.apache.velocity.runtime.RuntimeInstance.init(RuntimeInstance.java:240)
	at org.apache.velocity.app.VelocityEngine.init(VelocityEngine.java:116)
	at org.exigencecorp.domainobjects.codegen.Codegen.finallyDoTemplates(Codegen.java:226)
	at org.exigencecorp.domainobjects.codegen.Codegen.generate(Codegen.java:57)
	at features.cli.CodegenCli.run(CodegenCli.java:13)
	at Cli.main(Cli.java:17)
2008-08-31 20:49:43,527 - Trying to use logger class org.apache.velocity.runtime.log.Log4JLogChute
2008-08-31 20:49:43,527 - Using logger class org.apache.velocity.runtime.log.Log4JLogChute
2008-08-31 20:49:43,529 - Default ResourceManager initializing. (class org.apache.velocity.runtime.resource.ResourceManagerImpl)
2008-08-31 20:49:43,531 - ResourceLoader instantiated: org.apache.velocity.runtime.resource.loader.ClasspathResourceLoader
2008-08-31 20:49:43,534 - ResourceLoader instantiated: org.apache.velocity.runtime.resource.loader.FileResourceLoader
2008-08-31 20:49:43,534 - Do unicode file recognition:  false
2008-08-31 20:49:43,534 - FileResourceLoader : adding path './src/codegen'
2008-08-31 20:49:43,555 - ResourceCache: initialized (class org.apache.velocity.runtime.resource.ResourceCacheImpl)
2008-08-31 20:49:43,558 - Loaded System Directive: org.apache.velocity.runtime.directive.Literal
2008-08-31 20:49:43,559 - Loaded System Directive: org.apache.velocity.runtime.directive.Macro
2008-08-31 20:49:43,561 - Loaded System Directive: org.apache.velocity.runtime.directive.Parse
2008-08-31 20:49:43,562 - Loaded System Directive: org.apache.velocity.runtime.directive.Include
2008-08-31 20:49:43,563 - Loaded System Directive: org.apache.velocity.runtime.directive.Foreach
2008-08-31 20:49:43,639 - Created '20' parsers.
2008-08-31 20:49:43,648 - Velocimacro : "velocimacro.library" is not set.  Trying default library: VM_global_library.vm
2008-08-31 20:49:43,649 - Velocimacro : Default library not found.
2008-08-31 20:49:43,649 - Velocimacro : allowInline = true : VMs can be defined inline in templates
2008-08-31 20:49:43,649 - Velocimacro : allowInlineToOverride = false : VMs defined inline may NOT replace previous VM definitions
2008-08-31 20:49:43,649 - Velocimacro : allowInlineLocal = false : VMs defined inline will be global in scope if allowed.
2008-08-31 20:49:43,649 - Velocimacro : autoload off : VM system will not automatically reload global library macros
2008-08-31 20:49:43,665 - ResourceManager : found /org/exigencecorp/domainobjects/codegen/templates/domain.vm with loader org.apache.velocity.runtime.resource.loader.ClasspathResourceLoader
2008-08-31 20:49:43,729 - ResourceManager : found /org/exigencecorp/domainobjects/codegen/templates/domainCodegen.vm with loader org.apache.velocity.runtime.resource.loader.ClasspathResourceLoader
2008-08-31 20:49:43,730 - ResourceManager : found /org/exigencecorp/domainobjects/codegen/templates/mapper.vm with loader org.apache.velocity.runtime.resource.loader.ClasspathResourceLoader
2008-08-31 20:49:43,763 - ResourceManager : found /org/exigencecorp/domainobjects/codegen/templates/mapperCodegen.vm with loader org.apache.velocity.runtime.resource.loader.ClasspathResourceLoader
2008-08-31 20:49:43,770 - ResourceManager : found /org/exigencecorp/domainobjects/codegen/templates/hbm.vm with loader org.apache.velocity.runtime.resource.loader.ClasspathResourceLoader
2008-08-31 20:49:43,771 - ResourceManager : found /org/exigencecorp/domainobjects/codegen/templates/cfg.vm with loader org.apache.velocity.runtime.resource.loader.ClasspathResourceLoader
2008-08-31 20:49:43,801 - ResourceManager : found /org/exigencecorp/domainobjects/codegen/templates/enum.vm with loader org.apache.velocity.runtime.resource.loader.ClasspathResourceLoader
2008-08-31 20:49:43,802 - ResourceManager : found /org/exigencecorp/domainobjects/codegen/templates/enumFragment.vm with loader org.apache.velocity.runtime.resource.loader.ClasspathResourceLoader
2008-08-31 20:53:55,352 - Log4JLogChute initialized using file 'velocity.log'
2008-08-31 20:53:55,352 - Starting Apache Velocity v1.5 (compiled: 2007-02-22 08:52:29)
2008-08-31 20:53:55,352 - Default Properties File: org\apache\velocity\runtime\defaults\velocity.properties
2008-08-31 20:53:55,352 - Trying to use logger class org.apache.velocity.runtime.log.AvalonLogChute
2008-08-31 20:53:55,352 - Couldn't find class org.apache.velocity.runtime.log.AvalonLogChute or necessary supporting classes in classpath.
java.lang.NoClassDefFoundError: org/apache/log/format/Formatter
	at java.lang.Class.forName0(Native Method)
	at java.lang.Class.forName(Unknown Source)
	at org.apache.velocity.util.ClassUtils.getClass(ClassUtils.java:63)
	at org.apache.velocity.util.ClassUtils.getNewInstance(ClassUtils.java:95)
	at org.apache.velocity.runtime.log.LogManager.createLogChute(LogManager.java:147)
	at org.apache.velocity.runtime.log.LogManager.updateLog(LogManager.java:208)
	at org.apache.velocity.runtime.RuntimeInstance.initializeLog(RuntimeInstance.java:728)
	at org.apache.velocity.runtime.RuntimeInstance.init(RuntimeInstance.java:240)
	at org.apache.velocity.app.VelocityEngine.init(VelocityEngine.java:116)
	at org.exigencecorp.domainobjects.codegen.Codegen.finallyDoTemplates(Codegen.java:226)
	at org.exigencecorp.domainobjects.codegen.Codegen.generate(Codegen.java:57)
	at features.cli.CodegenCli.run(CodegenCli.java:13)
	at Cli.main(Cli.java:17)
2008-08-31 20:53:55,353 - Trying to use logger class org.apache.velocity.runtime.log.Log4JLogChute
2008-08-31 20:53:55,353 - Using logger class org.apache.velocity.runtime.log.Log4JLogChute
2008-08-31 20:53:55,355 - Default ResourceManager initializing. (class org.apache.velocity.runtime.resource.ResourceManagerImpl)
2008-08-31 20:53:55,357 - ResourceLoader instantiated: org.apache.velocity.runtime.resource.loader.ClasspathResourceLoader
2008-08-31 20:53:55,359 - ResourceLoader instantiated: org.apache.velocity.runtime.resource.loader.FileResourceLoader
2008-08-31 20:53:55,359 - Do unicode file recognition:  false
2008-08-31 20:53:55,359 - FileResourceLoader : adding path './src/codegen'
2008-08-31 20:53:55,366 - ResourceCache: initialized (class org.apache.velocity.runtime.resource.ResourceCacheImpl)
2008-08-31 20:53:55,367 - Loaded System Directive: org.apache.velocity.runtime.directive.Literal
2008-08-31 20:53:55,368 - Loaded System Directive: org.apache.velocity.runtime.directive.Macro
2008-08-31 20:53:55,370 - Loaded System Directive: org.apache.velocity.runtime.directive.Parse
2008-08-31 20:53:55,371 - Loaded System Directive: org.apache.velocity.runtime.directive.Include
2008-08-31 20:53:55,372 - Loaded System Directive: org.apache.velocity.runtime.directive.Foreach
2008-08-31 20:53:55,401 - Created '20' parsers.
2008-08-31 20:53:55,410 - Velocimacro : "velocimacro.library" is not set.  Trying default library: VM_global_library.vm
2008-08-31 20:53:55,410 - Velocimacro : Default library not found.
2008-08-31 20:53:55,410 - Velocimacro : allowInline = true : VMs can be defined inline in templates
2008-08-31 20:53:55,410 - Velocimacro : allowInlineToOverride = false : VMs defined inline may NOT replace previous VM definitions
2008-08-31 20:53:55,411 - Velocimacro : allowInlineLocal = false : VMs defined inline will be global in scope if allowed.
2008-08-31 20:53:55,411 - Velocimacro : autoload off : VM system will not automatically reload global library macros
2008-08-31 20:53:55,422 - ResourceManager : found /org/exigencecorp/domainobjects/codegen/templates/domain.vm with loader org.apache.velocity.runtime.resource.loader.ClasspathResourceLoader
2008-08-31 20:53:55,452 - ResourceManager : found /org/exigencecorp/domainobjects/codegen/templates/domainCodegen.vm with loader org.apache.velocity.runtime.resource.loader.ClasspathResourceLoader
2008-08-31 20:53:55,453 - ResourceManager : found /org/exigencecorp/domainobjects/codegen/templates/mapper.vm with loader org.apache.velocity.runtime.resource.loader.ClasspathResourceLoader
2008-08-31 20:53:55,456 - ResourceManager : found /org/exigencecorp/domainobjects/codegen/templates/mapperCodegen.vm with loader org.apache.velocity.runtime.resource.loader.ClasspathResourceLoader
2008-08-31 20:53:55,462 - ResourceManager : found /org/exigencecorp/domainobjects/codegen/templates/hbm.vm with loader org.apache.velocity.runtime.resource.loader.ClasspathResourceLoader
2008-08-31 20:53:55,463 - ResourceManager : found /org/exigencecorp/domainobjects/codegen/templates/cfg.vm with loader org.apache.velocity.runtime.resource.loader.ClasspathResourceLoader
2008-08-31 20:53:55,465 - ResourceManager : found /org/exigencecorp/domainobjects/codegen/templates/enum.vm with loader org.apache.velocity.runtime.resource.loader.ClasspathResourceLoader
2008-08-31 20:53:55,465 - ResourceManager : found /org/exigencecorp/domainobjects/codegen/templates/enumFragment.vm with loader org.apache.velocity.runtime.resource.loader.ClasspathResourceLoader
2008-09-15 21:14:27,563 - Log4JLogChute initialized using file 'velocity.log'
2008-09-15 21:14:27,595 - Starting Apache Velocity v1.5 (compiled: 2007-02-22 08:52:29)
2008-09-15 21:14:27,595 - Default Properties File: org\apache\velocity\runtime\defaults\velocity.properties
2008-09-15 21:14:27,595 - Trying to use logger class org.apache.velocity.runtime.log.AvalonLogChute
2008-09-15 21:14:27,596 - Couldn't find class org.apache.velocity.runtime.log.AvalonLogChute or necessary supporting classes in classpath.
java.lang.NoClassDefFoundError: org/apache/log/format/Formatter
	at java.lang.Class.forName0(Native Method)
	at java.lang.Class.forName(Unknown Source)
	at org.apache.velocity.util.ClassUtils.getClass(ClassUtils.java:63)
	at org.apache.velocity.util.ClassUtils.getNewInstance(ClassUtils.java:95)
	at org.apache.velocity.runtime.log.LogManager.createLogChute(LogManager.java:147)
	at org.apache.velocity.runtime.log.LogManager.updateLog(LogManager.java:208)
	at org.apache.velocity.runtime.RuntimeInstance.initializeLog(RuntimeInstance.java:728)
	at org.apache.velocity.runtime.RuntimeInstance.init(RuntimeInstance.java:240)
	at org.apache.velocity.app.VelocityEngine.init(VelocityEngine.java:116)
	at org.exigencecorp.domainobjects.codegen.Codegen.finallyDoTemplates(Codegen.java:226)
	at org.exigencecorp.domainobjects.codegen.Codegen.generate(Codegen.java:57)
	at features.cli.CodegenCli.run(CodegenCli.java:13)
	at Cli.main(Cli.java:17)
2008-09-15 21:14:27,597 - Trying to use logger class org.apache.velocity.runtime.log.Log4JLogChute
2008-09-15 21:14:27,597 - Using logger class org.apache.velocity.runtime.log.Log4JLogChute
2008-09-15 21:14:27,600 - Default ResourceManager initializing. (class org.apache.velocity.runtime.resource.ResourceManagerImpl)
2008-09-15 21:14:27,603 - ResourceLoader instantiated: org.apache.velocity.runtime.resource.loader.ClasspathResourceLoader
2008-09-15 21:14:27,607 - ResourceLoader instantiated: org.apache.velocity.runtime.resource.loader.FileResourceLoader
2008-09-15 21:14:27,607 - Do unicode file recognition:  false
2008-09-15 21:14:27,607 - FileResourceLoader : adding path './src/codegen'
2008-09-15 21:14:27,707 - ResourceCache: initialized (class org.apache.velocity.runtime.resource.ResourceCacheImpl)
2008-09-15 21:14:27,709 - Loaded System Directive: org.apache.velocity.runtime.directive.Literal
2008-09-15 21:14:27,710 - Loaded System Directive: org.apache.velocity.runtime.directive.Macro
2008-09-15 21:14:27,713 - Loaded System Directive: org.apache.velocity.runtime.directive.Parse
2008-09-15 21:14:27,715 - Loaded System Directive: org.apache.velocity.runtime.directive.Include
2008-09-15 21:14:27,716 - Loaded System Directive: org.apache.velocity.runtime.directive.Foreach
2008-09-15 21:14:27,760 - Created '20' parsers.
2008-09-15 21:14:27,772 - Velocimacro : "velocimacro.library" is not set.  Trying default library: VM_global_library.vm
2008-09-15 21:14:27,773 - Velocimacro : Default library not found.
2008-09-15 21:14:27,773 - Velocimacro : allowInline = true : VMs can be defined inline in templates
2008-09-15 21:14:27,773 - Velocimacro : allowInlineToOverride = false : VMs defined inline may NOT replace previous VM definitions
2008-09-15 21:14:27,773 - Velocimacro : allowInlineLocal = false : VMs defined inline will be global in scope if allowed.
2008-09-15 21:14:27,773 - Velocimacro : autoload off : VM system will not automatically reload global library macros
2008-09-15 21:14:27,805 - ResourceManager : found /org/exigencecorp/domainobjects/codegen/templates/domain.vm with loader org.apache.velocity.runtime.resource.loader.ClasspathResourceLoader
2008-09-15 21:14:27,864 - ResourceManager : found /org/exigencecorp/domainobjects/codegen/templates/domainCodegen.vm with loader org.apache.velocity.runtime.resource.loader.ClasspathResourceLoader
2008-09-15 21:14:27,865 - ResourceManager : found /org/exigencecorp/domainobjects/codegen/templates/mapper.vm with loader org.apache.velocity.runtime.resource.loader.ClasspathResourceLoader
2008-09-15 21:14:27,902 - ResourceManager : found /org/exigencecorp/domainobjects/codegen/templates/mapperCodegen.vm with loader org.apache.velocity.runtime.resource.loader.ClasspathResourceLoader
2008-09-15 21:14:27,911 - ResourceManager : found /org/exigencecorp/domainobjects/codegen/templates/hbm.vm with loader org.apache.velocity.runtime.resource.loader.ClasspathResourceLoader
2008-09-15 21:14:27,913 - ResourceManager : found /org/exigencecorp/domainobjects/codegen/templates/cfg.vm with loader org.apache.velocity.runtime.resource.loader.ClasspathResourceLoader
2008-09-15 21:14:27,916 - ResourceManager : found /org/exigencecorp/domainobjects/codegen/templates/enum.vm with loader org.apache.velocity.runtime.resource.loader.ClasspathResourceLoader
2008-09-15 21:14:27,917 - ResourceManager : found /org/exigencecorp/domainobjects/codegen/templates/enumFragment.vm with loader org.apache.velocity.runtime.resource.loader.ClasspathResourceLoader
